Watching for file changes with StatReloader
Waiting for apps ready_event.
Apps ready_event triggered. Sending autoreload_started signal.
Watching dir D:\Level 3 - 2017 - 2019\Year 2\Visual Studio Code\Django\locale with glob **/*.mo.
Watching dir D:\Level 3 - 2017 - 2019\Year 2\Visual Studio Code\Django\mysite\polls\locale with glob **/*.mo.
Watching dir D:\Level 3 - 2017 - 2019\Year 2\Visual Studio Code\Django\mysite\wiki\locale with glob **/*.mo.
Watching dir C:\Program Files (x86)\Python36-32\lib\site-packages\django\contrib\admin\locale with glob **/*.mo.
Watching dir C:\Program Files (x86)\Python36-32\lib\site-packages\django\contrib\auth\locale with glob **/*.mo.
Watching dir C:\Program Files (x86)\Python36-32\lib\site-packages\django\contrib\contenttypes\locale with glob **/*.mo.
Watching dir C:\Program Files (x86)\Python36-32\lib\site-packages\django\contrib\sessions\locale with glob **/*.mo.
Watching dir C:\Program Files (x86)\Python36-32\lib\site-packages\django\contrib\messages\locale with glob **/*.mo.
Watching dir C:\Program Files (x86)\Python36-32\lib\site-packages\django\contrib\staticfiles\locale with glob **/*.mo.
(0.001) 
            SELECT name, type FROM sqlite_master
            WHERE type in ('table', 'view') AND NOT name='sqlite_sequence'
            ORDER BY name; args=None
(0.000) SELECT "django_migrations"."app", "django_migrations"."name" FROM "django_migrations"; args=()
(0.000) SELECT "django_session"."session_key", "django_session"."session_data", "django_session"."expire_date" FROM "django_session" WHERE ("django_session"."expire_date" > '2019-05-31 13:53:08.805353' AND "django_session"."session_key" = 'vp4e6v9dklkvlxsq53k03apoylcg4nyb'); args=('2019-05-31 13:53:08.805353', 'vp4e6v9dklkvlxsq53k03apoylcg4nyb')
(0.000) SELECT "auth_user"."id", "auth_user"."password", "auth_user"."last_login", "auth_user"."is_superuser", "auth_user"."username", "auth_user"."first_name", "auth_user"."last_name", "auth_user"."email", "auth_user"."is_staff", "auth_user"."is_active", "auth_user"."date_joined" FROM "auth_user" WHERE "auth_user"."id" = 1; args=(1,)
(0.000) SELECT "django_session"."session_key", "django_session"."session_data", "django_session"."expire_date" FROM "django_session" WHERE "django_session"."session_key" = 'vp4e6v9dklkvlxsq53k03apoylcg4nyb'; args=('vp4e6v9dklkvlxsq53k03apoylcg4nyb',)
(0.013) DELETE FROM "django_session" WHERE "django_session"."session_key" IN ('vp4e6v9dklkvlxsq53k03apoylcg4nyb'); args=('vp4e6v9dklkvlxsq53k03apoylcg4nyb',)
"GET /wiki/accounts/logout/ HTTP/1.1" 302 0
"GET /wiki/accounts/login/ HTTP/1.1" 200 3380
"GET /wiki/accounts/login/ HTTP/1.1" 200 3380
(0.001) SELECT "auth_user"."id", "auth_user"."password", "auth_user"."last_login", "auth_user"."is_superuser", "auth_user"."username", "auth_user"."first_name", "auth_user"."last_name", "auth_user"."email", "auth_user"."is_staff", "auth_user"."is_active", "auth_user"."date_joined" FROM "auth_user" WHERE "auth_user"."username" = 'admin'; args=('admin',)
(0.000) SELECT (1) AS "a" FROM "django_session" WHERE "django_session"."session_key" = 'ga3cm53r63syvmsokpqhf9pxaasfooyt'  LIMIT 1; args=('ga3cm53r63syvmsokpqhf9pxaasfooyt',)
(0.000) BEGIN; args=None
(0.004) INSERT INTO "django_session" ("session_key", "session_data", "expire_date") SELECT 'ga3cm53r63syvmsokpqhf9pxaasfooyt', 'NzQ4YjEzNzU3ZjMzMGExY2Y3NjE3NTlmZmM1OTA3NDM2NGJlMTM5ZDp7fQ==', '2019-06-14 13:53:14.145597'; args=('ga3cm53r63syvmsokpqhf9pxaasfooyt', 'NzQ4YjEzNzU3ZjMzMGExY2Y3NjE3NTlmZmM1OTA3NDM2NGJlMTM5ZDp7fQ==', '2019-06-14 13:53:14.145597')
(0.010) UPDATE "auth_user" SET "last_login" = '2019-05-31 13:53:14.159279' WHERE "auth_user"."id" = 1; args=('2019-05-31 13:53:14.159279', 1)
(0.000) BEGIN; args=None
(0.001) UPDATE "django_session" SET "session_data" = 'MTU4MjNhNDNlMjk2YzUxZjU3ZGJjYTgyOGY0MTNmNWRmZDc3YmMzYTp7Il9hdXRoX3VzZXJfaWQiOiIxIiwiX2F1dGhfdXNlcl9iYWNrZW5kIjoiZGphbmdvLmNvbnRyaWIuYXV0aC5iYWNrZW5kcy5Nb2RlbEJhY2tlbmQiLCJfYXV0aF91c2VyX2hhc2giOiIzZmM1ZWU3MjYwN2Q0YzcwNjAwNTg2Mjc5YTAzOTFkZDE4MzU1ZGViIn0=', "expire_date" = '2019-06-14 13:53:14.174065' WHERE "django_session"."session_key" = 'ga3cm53r63syvmsokpqhf9pxaasfooyt'; args=('MTU4MjNhNDNlMjk2YzUxZjU3ZGJjYTgyOGY0MTNmNWRmZDc3YmMzYTp7Il9hdXRoX3VzZXJfaWQiOiIxIiwiX2F1dGhfdXNlcl9iYWNrZW5kIjoiZGphbmdvLmNvbnRyaWIuYXV0aC5iYWNrZW5kcy5Nb2RlbEJhY2tlbmQiLCJfYXV0aF91c2VyX2hhc2giOiIzZmM1ZWU3MjYwN2Q0YzcwNjAwNTg2Mjc5YTAzOTFkZDE4MzU1ZGViIn0=', '2019-06-14 13:53:14.174065', 'ga3cm53r63syvmsokpqhf9pxaasfooyt')
"POST /wiki/accounts/login/ HTTP/1.1" 302 0
"GET /wiki HTTP/1.1" 301 0
(0.000) SELECT "django_session"."session_key", "django_session"."session_data", "django_session"."expire_date" FROM "django_session" WHERE ("django_session"."expire_date" > '2019-05-31 13:53:14.206006' AND "django_session"."session_key" = 'ga3cm53r63syvmsokpqhf9pxaasfooyt'); args=('2019-05-31 13:53:14.206006', 'ga3cm53r63syvmsokpqhf9pxaasfooyt')
(0.000) SELECT "auth_user"."id", "auth_user"."password", "auth_user"."last_login", "auth_user"."is_superuser", "auth_user"."username", "auth_user"."first_name", "auth_user"."last_name", "auth_user"."email", "auth_user"."is_staff", "auth_user"."is_active", "auth_user"."date_joined" FROM "auth_user" WHERE "auth_user"."id" = 1; args=(1,)
(0.000) SELECT "wiki_page"."title", "wiki_page"."content", "wiki_page"."counter" FROM "wiki_page"; args=()
"GET /wiki/ HTTP/1.1" 200 3622
(0.001) SELECT "django_session"."session_key", "django_session"."session_data", "django_session"."expire_date" FROM "django_session" WHERE ("django_session"."expire_date" > '2019-05-31 13:53:20.118556' AND "django_session"."session_key" = 'ga3cm53r63syvmsokpqhf9pxaasfooyt'); args=('2019-05-31 13:53:20.118556', 'ga3cm53r63syvmsokpqhf9pxaasfooyt')
(0.001) SELECT "auth_user"."id", "auth_user"."password", "auth_user"."last_login", "auth_user"."is_superuser", "auth_user"."username", "auth_user"."first_name", "auth_user"."last_name", "auth_user"."email", "auth_user"."is_staff", "auth_user"."is_active", "auth_user"."date_joined" FROM "auth_user" WHERE "auth_user"."id" = 1; args=(1,)
(0.000) SELECT "wiki_page"."title", "wiki_page"."content", "wiki_page"."counter" FROM "wiki_page"; args=()
"GET /wiki/ HTTP/1.1" 200 3622
(0.001) SELECT "django_session"."session_key", "django_session"."session_data", "django_session"."expire_date" FROM "django_session" WHERE ("django_session"."expire_date" > '2019-05-31 13:53:21.799930' AND "django_session"."session_key" = 'ga3cm53r63syvmsokpqhf9pxaasfooyt'); args=('2019-05-31 13:53:21.799930', 'ga3cm53r63syvmsokpqhf9pxaasfooyt')
(0.001) SELECT "auth_user"."id", "auth_user"."password", "auth_user"."last_login", "auth_user"."is_superuser", "auth_user"."username", "auth_user"."first_name", "auth_user"."last_name", "auth_user"."email", "auth_user"."is_staff", "auth_user"."is_active", "auth_user"."date_joined" FROM "auth_user" WHERE "auth_user"."id" = 1; args=(1,)
(0.000) SELECT "django_session"."session_key", "django_session"."session_data", "django_session"."expire_date" FROM "django_session" WHERE "django_session"."session_key" = 'ga3cm53r63syvmsokpqhf9pxaasfooyt'; args=('ga3cm53r63syvmsokpqhf9pxaasfooyt',)
(0.011) DELETE FROM "django_session" WHERE "django_session"."session_key" IN ('ga3cm53r63syvmsokpqhf9pxaasfooyt'); args=('ga3cm53r63syvmsokpqhf9pxaasfooyt',)
"GET /wiki/accounts/logout/ HTTP/1.1" 302 0
"GET /wiki/accounts/login/ HTTP/1.1" 200 3380
"GET /wiki/accounts/login/ HTTP/1.1" 200 3380
(0.000) SELECT "auth_user"."id", "auth_user"."password", "auth_user"."last_login", "auth_user"."is_superuser", "auth_user"."username", "auth_user"."first_name", "auth_user"."last_name", "auth_user"."email", "auth_user"."is_staff", "auth_user"."is_active", "auth_user"."date_joined" FROM "auth_user" WHERE "auth_user"."username" = 'admin'; args=('admin',)
(0.000) SELECT (1) AS "a" FROM "django_session" WHERE "django_session"."session_key" = 've46xenxp0gtqfb2nunvrn2ogelnlwml'  LIMIT 1; args=('ve46xenxp0gtqfb2nunvrn2ogelnlwml',)
(0.000) BEGIN; args=None
(0.005) INSERT INTO "django_session" ("session_key", "session_data", "expire_date") SELECT 've46xenxp0gtqfb2nunvrn2ogelnlwml', 'NzQ4YjEzNzU3ZjMzMGExY2Y3NjE3NTlmZmM1OTA3NDM2NGJlMTM5ZDp7fQ==', '2019-06-14 13:53:36.976393'; args=('ve46xenxp0gtqfb2nunvrn2ogelnlwml', 'NzQ4YjEzNzU3ZjMzMGExY2Y3NjE3NTlmZmM1OTA3NDM2NGJlMTM5ZDp7fQ==', '2019-06-14 13:53:36.976393')
(0.008) UPDATE "auth_user" SET "last_login" = '2019-05-31 13:53:36.990385' WHERE "auth_user"."id" = 1; args=('2019-05-31 13:53:36.990385', 1)
(0.000) BEGIN; args=None
(0.002) UPDATE "django_session" SET "session_data" = 'MTU4MjNhNDNlMjk2YzUxZjU3ZGJjYTgyOGY0MTNmNWRmZDc3YmMzYTp7Il9hdXRoX3VzZXJfaWQiOiIxIiwiX2F1dGhfdXNlcl9iYWNrZW5kIjoiZGphbmdvLmNvbnRyaWIuYXV0aC5iYWNrZW5kcy5Nb2RlbEJhY2tlbmQiLCJfYXV0aF91c2VyX2hhc2giOiIzZmM1ZWU3MjYwN2Q0YzcwNjAwNTg2Mjc5YTAzOTFkZDE4MzU1ZGViIn0=', "expire_date" = '2019-06-14 13:53:37.004347' WHERE "django_session"."session_key" = 've46xenxp0gtqfb2nunvrn2ogelnlwml'; args=('MTU4MjNhNDNlMjk2YzUxZjU3ZGJjYTgyOGY0MTNmNWRmZDc3YmMzYTp7Il9hdXRoX3VzZXJfaWQiOiIxIiwiX2F1dGhfdXNlcl9iYWNrZW5kIjoiZGphbmdvLmNvbnRyaWIuYXV0aC5iYWNrZW5kcy5Nb2RlbEJhY2tlbmQiLCJfYXV0aF91c2VyX2hhc2giOiIzZmM1ZWU3MjYwN2Q0YzcwNjAwNTg2Mjc5YTAzOTFkZDE4MzU1ZGViIn0=', '2019-06-14 13:53:37.004347', 've46xenxp0gtqfb2nunvrn2ogelnlwml')
"POST /wiki/accounts/login/ HTTP/1.1" 302 0
"GET /wiki HTTP/1.1" 301 0
(0.000) SELECT "django_session"."session_key", "django_session"."session_data", "django_session"."expire_date" FROM "django_session" WHERE ("django_session"."expire_date" > '2019-05-31 13:53:37.028282' AND "django_session"."session_key" = 've46xenxp0gtqfb2nunvrn2ogelnlwml'); args=('2019-05-31 13:53:37.028282', 've46xenxp0gtqfb2nunvrn2ogelnlwml')
(0.000) SELECT "auth_user"."id", "auth_user"."password", "auth_user"."last_login", "auth_user"."is_superuser", "auth_user"."username", "auth_user"."first_name", "auth_user"."last_name", "auth_user"."email", "auth_user"."is_staff", "auth_user"."is_active", "auth_user"."date_joined" FROM "auth_user" WHERE "auth_user"."id" = 1; args=(1,)
(0.000) SELECT "wiki_page"."title", "wiki_page"."content", "wiki_page"."counter" FROM "wiki_page"; args=()
"GET /wiki/ HTTP/1.1" 200 3622
(0.000) SELECT "django_session"."session_key", "django_session"."session_data", "django_session"."expire_date" FROM "django_session" WHERE ("django_session"."expire_date" > '2019-05-31 13:53:58.648965' AND "django_session"."session_key" = 've46xenxp0gtqfb2nunvrn2ogelnlwml'); args=('2019-05-31 13:53:58.648965', 've46xenxp0gtqfb2nunvrn2ogelnlwml')
(0.000) SELECT "auth_user"."id", "auth_user"."password", "auth_user"."last_login", "auth_user"."is_superuser", "auth_user"."username", "auth_user"."first_name", "auth_user"."last_name", "auth_user"."email", "auth_user"."is_staff", "auth_user"."is_active", "auth_user"."date_joined" FROM "auth_user" WHERE "auth_user"."id" = 1; args=(1,)
(0.000) SELECT "wiki_page"."title", "wiki_page"."content", "wiki_page"."counter" FROM "wiki_page"; args=()
"GET /wiki/ HTTP/1.1" 200 3622
(0.000) SELECT "django_session"."session_key", "django_session"."session_data", "django_session"."expire_date" FROM "django_session" WHERE ("django_session"."expire_date" > '2019-05-31 13:53:59.527821' AND "django_session"."session_key" = 've46xenxp0gtqfb2nunvrn2ogelnlwml'); args=('2019-05-31 13:53:59.527821', 've46xenxp0gtqfb2nunvrn2ogelnlwml')
(0.000) SELECT "auth_user"."id", "auth_user"."password", "auth_user"."last_login", "auth_user"."is_superuser", "auth_user"."username", "auth_user"."first_name", "auth_user"."last_name", "auth_user"."email", "auth_user"."is_staff", "auth_user"."is_active", "auth_user"."date_joined" FROM "auth_user" WHERE "auth_user"."id" = 1; args=(1,)
(0.000) SELECT "wiki_page"."title", "wiki_page"."content", "wiki_page"."counter" FROM "wiki_page"; args=()
"GET /wiki/ HTTP/1.1" 200 3622
(0.000) SELECT "django_session"."session_key", "django_session"."session_data", "django_session"."expire_date" FROM "django_session" WHERE ("django_session"."expire_date" > '2019-05-31 13:53:59.783598' AND "django_session"."session_key" = 've46xenxp0gtqfb2nunvrn2ogelnlwml'); args=('2019-05-31 13:53:59.783598', 've46xenxp0gtqfb2nunvrn2ogelnlwml')
(0.000) SELECT "auth_user"."id", "auth_user"."password", "auth_user"."last_login", "auth_user"."is_superuser", "auth_user"."username", "auth_user"."first_name", "auth_user"."last_name", "auth_user"."email", "auth_user"."is_staff", "auth_user"."is_active", "auth_user"."date_joined" FROM "auth_user" WHERE "auth_user"."id" = 1; args=(1,)
(0.000) SELECT "wiki_page"."title", "wiki_page"."content", "wiki_page"."counter" FROM "wiki_page"; args=()
"GET /wiki/ HTTP/1.1" 200 3622
(0.001) SELECT "django_session"."session_key", "django_session"."session_data", "django_session"."expire_date" FROM "django_session" WHERE ("django_session"."expire_date" > '2019-05-31 13:54:00.005041' AND "django_session"."session_key" = 've46xenxp0gtqfb2nunvrn2ogelnlwml'); args=('2019-05-31 13:54:00.005041', 've46xenxp0gtqfb2nunvrn2ogelnlwml')
(0.001) SELECT "auth_user"."id", "auth_user"."password", "auth_user"."last_login", "auth_user"."is_superuser", "auth_user"."username", "auth_user"."first_name", "auth_user"."last_name", "auth_user"."email", "auth_user"."is_staff", "auth_user"."is_active", "auth_user"."date_joined" FROM "auth_user" WHERE "auth_user"."id" = 1; args=(1,)
(0.000) SELECT "wiki_page"."title", "wiki_page"."content", "wiki_page"."counter" FROM "wiki_page"; args=()
"GET /wiki/ HTTP/1.1" 200 3622
(0.000) SELECT "django_session"."session_key", "django_session"."session_data", "django_session"."expire_date" FROM "django_session" WHERE ("django_session"."expire_date" > '2019-05-31 13:54:00.832374' AND "django_session"."session_key" = 've46xenxp0gtqfb2nunvrn2ogelnlwml'); args=('2019-05-31 13:54:00.832374', 've46xenxp0gtqfb2nunvrn2ogelnlwml')
(0.000) SELECT "auth_user"."id", "auth_user"."password", "auth_user"."last_login", "auth_user"."is_superuser", "auth_user"."username", "auth_user"."first_name", "auth_user"."last_name", "auth_user"."email", "auth_user"."is_staff", "auth_user"."is_active", "auth_user"."date_joined" FROM "auth_user" WHERE "auth_user"."id" = 1; args=(1,)
(0.000) SELECT "django_session"."session_key", "django_session"."session_data", "django_session"."expire_date" FROM "django_session" WHERE "django_session"."session_key" = 've46xenxp0gtqfb2nunvrn2ogelnlwml'; args=('ve46xenxp0gtqfb2nunvrn2ogelnlwml',)
(0.012) DELETE FROM "django_session" WHERE "django_session"."session_key" IN ('ve46xenxp0gtqfb2nunvrn2ogelnlwml'); args=('ve46xenxp0gtqfb2nunvrn2ogelnlwml',)
"GET /wiki/accounts/logout/ HTTP/1.1" 302 0
"GET /wiki/accounts/login/ HTTP/1.1" 200 3380
"GET /wiki/accounts/login/ HTTP/1.1" 200 3360
"GET /wiki/accounts/login/ HTTP/1.1" 200 3360
"GET /wiki/accounts/login/ HTTP/1.1" 200 3360
"GET /wiki/accounts/login/ HTTP/1.1" 200 3360
"GET /wiki/accounts/login/ HTTP/1.1" 200 3360
(0.000) SELECT "auth_user"."id", "auth_user"."password", "auth_user"."last_login", "auth_user"."is_superuser", "auth_user"."username", "auth_user"."first_name", "auth_user"."last_name", "auth_user"."email", "auth_user"."is_staff", "auth_user"."is_active", "auth_user"."date_joined" FROM "auth_user" WHERE "auth_user"."username" = 'admin'; args=('admin',)
(0.000) SELECT (1) AS "a" FROM "django_session" WHERE "django_session"."session_key" = 'wukidcv9x0iml5f5kb0twzmhy2qvfgj5'  LIMIT 1; args=('wukidcv9x0iml5f5kb0twzmhy2qvfgj5',)
(0.000) BEGIN; args=None
(0.003) INSERT INTO "django_session" ("session_key", "session_data", "expire_date") SELECT 'wukidcv9x0iml5f5kb0twzmhy2qvfgj5', 'NzQ4YjEzNzU3ZjMzMGExY2Y3NjE3NTlmZmM1OTA3NDM2NGJlMTM5ZDp7fQ==', '2019-06-14 13:54:56.694715'; args=('wukidcv9x0iml5f5kb0twzmhy2qvfgj5', 'NzQ4YjEzNzU3ZjMzMGExY2Y3NjE3NTlmZmM1OTA3NDM2NGJlMTM5ZDp7fQ==', '2019-06-14 13:54:56.694715')
(0.007) UPDATE "auth_user" SET "last_login" = '2019-05-31 13:54:56.706684' WHERE "auth_user"."id" = 1; args=('2019-05-31 13:54:56.706684', 1)
(0.000) BEGIN; args=None
(0.001) UPDATE "django_session" SET "session_data" = 'MTU4MjNhNDNlMjk2YzUxZjU3ZGJjYTgyOGY0MTNmNWRmZDc3YmMzYTp7Il9hdXRoX3VzZXJfaWQiOiIxIiwiX2F1dGhfdXNlcl9iYWNrZW5kIjoiZGphbmdvLmNvbnRyaWIuYXV0aC5iYWNrZW5kcy5Nb2RlbEJhY2tlbmQiLCJfYXV0aF91c2VyX2hhc2giOiIzZmM1ZWU3MjYwN2Q0YzcwNjAwNTg2Mjc5YTAzOTFkZDE4MzU1ZGViIn0=', "expire_date" = '2019-06-14 13:54:56.718652' WHERE "django_session"."session_key" = 'wukidcv9x0iml5f5kb0twzmhy2qvfgj5'; args=('MTU4MjNhNDNlMjk2YzUxZjU3ZGJjYTgyOGY0MTNmNWRmZDc3YmMzYTp7Il9hdXRoX3VzZXJfaWQiOiIxIiwiX2F1dGhfdXNlcl9iYWNrZW5kIjoiZGphbmdvLmNvbnRyaWIuYXV0aC5iYWNrZW5kcy5Nb2RlbEJhY2tlbmQiLCJfYXV0aF91c2VyX2hhc2giOiIzZmM1ZWU3MjYwN2Q0YzcwNjAwNTg2Mjc5YTAzOTFkZDE4MzU1ZGViIn0=', '2019-06-14 13:54:56.718652', 'wukidcv9x0iml5f5kb0twzmhy2qvfgj5')
"POST /wiki/accounts/login/ HTTP/1.1" 302 0
"GET /wiki HTTP/1.1" 301 0
(0.001) SELECT "django_session"."session_key", "django_session"."session_data", "django_session"."expire_date" FROM "django_session" WHERE ("django_session"."expire_date" > '2019-05-31 13:54:56.742588' AND "django_session"."session_key" = 'wukidcv9x0iml5f5kb0twzmhy2qvfgj5'); args=('2019-05-31 13:54:56.742588', 'wukidcv9x0iml5f5kb0twzmhy2qvfgj5')
(0.000) SELECT "auth_user"."id", "auth_user"."password", "auth_user"."last_login", "auth_user"."is_superuser", "auth_user"."username", "auth_user"."first_name", "auth_user"."last_name", "auth_user"."email", "auth_user"."is_staff", "auth_user"."is_active", "auth_user"."date_joined" FROM "auth_user" WHERE "auth_user"."id" = 1; args=(1,)
(0.000) SELECT "wiki_page"."title", "wiki_page"."content", "wiki_page"."counter" FROM "wiki_page"; args=()
"GET /wiki/ HTTP/1.1" 200 3602
(0.000) SELECT "django_session"."session_key", "django_session"."session_data", "django_session"."expire_date" FROM "django_session" WHERE ("django_session"."expire_date" > '2019-05-31 13:55:11.104547' AND "django_session"."session_key" = 'wukidcv9x0iml5f5kb0twzmhy2qvfgj5'); args=('2019-05-31 13:55:11.104547', 'wukidcv9x0iml5f5kb0twzmhy2qvfgj5')
(0.000) SELECT "auth_user"."id", "auth_user"."password", "auth_user"."last_login", "auth_user"."is_superuser", "auth_user"."username", "auth_user"."first_name", "auth_user"."last_name", "auth_user"."email", "auth_user"."is_staff", "auth_user"."is_active", "auth_user"."date_joined" FROM "auth_user" WHERE "auth_user"."id" = 1; args=(1,)
(0.000) SELECT "wiki_page"."title", "wiki_page"."content", "wiki_page"."counter" FROM "wiki_page"; args=()
"GET /wiki/ HTTP/1.1" 200 3602
(0.000) SELECT "django_session"."session_key", "django_session"."session_data", "django_session"."expire_date" FROM "django_session" WHERE ("django_session"."expire_date" > '2019-05-31 13:55:12.095434' AND "django_session"."session_key" = 'wukidcv9x0iml5f5kb0twzmhy2qvfgj5'); args=('2019-05-31 13:55:12.095434', 'wukidcv9x0iml5f5kb0twzmhy2qvfgj5')
(0.000) SELECT "auth_user"."id", "auth_user"."password", "auth_user"."last_login", "auth_user"."is_superuser", "auth_user"."username", "auth_user"."first_name", "auth_user"."last_name", "auth_user"."email", "auth_user"."is_staff", "auth_user"."is_active", "auth_user"."date_joined" FROM "auth_user" WHERE "auth_user"."id" = 1; args=(1,)
(0.000) SELECT "wiki_page"."title", "wiki_page"."content", "wiki_page"."counter" FROM "wiki_page"; args=()
"GET /wiki/ HTTP/1.1" 200 3602
(0.001) SELECT "django_session"."session_key", "django_session"."session_data", "django_session"."expire_date" FROM "django_session" WHERE ("django_session"."expire_date" > '2019-05-31 13:55:37.788749' AND "django_session"."session_key" = 'wukidcv9x0iml5f5kb0twzmhy2qvfgj5'); args=('2019-05-31 13:55:37.788749', 'wukidcv9x0iml5f5kb0twzmhy2qvfgj5')
(0.000) SELECT "auth_user"."id", "auth_user"."password", "auth_user"."last_login", "auth_user"."is_superuser", "auth_user"."username", "auth_user"."first_name", "auth_user"."last_name", "auth_user"."email", "auth_user"."is_staff", "auth_user"."is_active", "auth_user"."date_joined" FROM "auth_user" WHERE "auth_user"."id" = 1; args=(1,)
(0.000) SELECT "wiki_page"."title", "wiki_page"."content", "wiki_page"."counter" FROM "wiki_page"; args=()
"GET /wiki/ HTTP/1.1" 200 3622
(0.001) SELECT "django_session"."session_key", "django_session"."session_data", "django_session"."expire_date" FROM "django_session" WHERE ("django_session"."expire_date" > '2019-05-31 13:55:53.216729' AND "django_session"."session_key" = 'wukidcv9x0iml5f5kb0twzmhy2qvfgj5'); args=('2019-05-31 13:55:53.216729', 'wukidcv9x0iml5f5kb0twzmhy2qvfgj5')
(0.000) SELECT "auth_user"."id", "auth_user"."password", "auth_user"."last_login", "auth_user"."is_superuser", "auth_user"."username", "auth_user"."first_name", "auth_user"."last_name", "auth_user"."email", "auth_user"."is_staff", "auth_user"."is_active", "auth_user"."date_joined" FROM "auth_user" WHERE "auth_user"."id" = 1; args=(1,)
(0.000) SELECT "wiki_page"."title", "wiki_page"."content", "wiki_page"."counter" FROM "wiki_page"; args=()
"GET /wiki/ HTTP/1.1" 200 3622
(0.001) SELECT "django_session"."session_key", "django_session"."session_data", "django_session"."expire_date" FROM "django_session" WHERE ("django_session"."expire_date" > '2019-05-31 13:55:53.814563' AND "django_session"."session_key" = 'wukidcv9x0iml5f5kb0twzmhy2qvfgj5'); args=('2019-05-31 13:55:53.814563', 'wukidcv9x0iml5f5kb0twzmhy2qvfgj5')
(0.000) SELECT "auth_user"."id", "auth_user"."password", "auth_user"."last_login", "auth_user"."is_superuser", "auth_user"."username", "auth_user"."first_name", "auth_user"."last_name", "auth_user"."email", "auth_user"."is_staff", "auth_user"."is_active", "auth_user"."date_joined" FROM "auth_user" WHERE "auth_user"."id" = 1; args=(1,)
(0.000) SELECT "wiki_page"."title", "wiki_page"."content", "wiki_page"."counter" FROM "wiki_page"; args=()
"GET /wiki/ HTTP/1.1" 200 3622
(0.001) SELECT "django_session"."session_key", "django_session"."session_data", "django_session"."expire_date" FROM "django_session" WHERE ("django_session"."expire_date" > '2019-05-31 13:55:54.101767' AND "django_session"."session_key" = 'wukidcv9x0iml5f5kb0twzmhy2qvfgj5'); args=('2019-05-31 13:55:54.101767', 'wukidcv9x0iml5f5kb0twzmhy2qvfgj5')
(0.000) SELECT "auth_user"."id", "auth_user"."password", "auth_user"."last_login", "auth_user"."is_superuser", "auth_user"."username", "auth_user"."first_name", "auth_user"."last_name", "auth_user"."email", "auth_user"."is_staff", "auth_user"."is_active", "auth_user"."date_joined" FROM "auth_user" WHERE "auth_user"."id" = 1; args=(1,)
(0.000) SELECT "wiki_page"."title", "wiki_page"."content", "wiki_page"."counter" FROM "wiki_page"; args=()
"GET /wiki/ HTTP/1.1" 200 3622
(0.001) SELECT "django_session"."session_key", "django_session"."session_data", "django_session"."expire_date" FROM "django_session" WHERE ("django_session"."expire_date" > '2019-05-31 13:55:54.310211' AND "django_session"."session_key" = 'wukidcv9x0iml5f5kb0twzmhy2qvfgj5'); args=('2019-05-31 13:55:54.310211', 'wukidcv9x0iml5f5kb0twzmhy2qvfgj5')
(0.000) SELECT "auth_user"."id", "auth_user"."password", "auth_user"."last_login", "auth_user"."is_superuser", "auth_user"."username", "auth_user"."first_name", "auth_user"."last_name", "auth_user"."email", "auth_user"."is_staff", "auth_user"."is_active", "auth_user"."date_joined" FROM "auth_user" WHERE "auth_user"."id" = 1; args=(1,)
(0.000) SELECT "wiki_page"."title", "wiki_page"."content", "wiki_page"."counter" FROM "wiki_page"; args=()
"GET /wiki/ HTTP/1.1" 200 3622
(0.000) SELECT "django_session"."session_key", "django_session"."session_data", "django_session"."expire_date" FROM "django_session" WHERE ("django_session"."expire_date" > '2019-05-31 13:56:07.543233' AND "django_session"."session_key" = 'wukidcv9x0iml5f5kb0twzmhy2qvfgj5'); args=('2019-05-31 13:56:07.543233', 'wukidcv9x0iml5f5kb0twzmhy2qvfgj5')
(0.000) SELECT "auth_user"."id", "auth_user"."password", "auth_user"."last_login", "auth_user"."is_superuser", "auth_user"."username", "auth_user"."first_name", "auth_user"."last_name", "auth_user"."email", "auth_user"."is_staff", "auth_user"."is_active", "auth_user"."date_joined" FROM "auth_user" WHERE "auth_user"."id" = 1; args=(1,)
(0.000) SELECT "wiki_page"."title", "wiki_page"."content", "wiki_page"."counter" FROM "wiki_page"; args=()
"GET /wiki/ HTTP/1.1" 200 3622
(0.000) SELECT "django_session"."session_key", "django_session"."session_data", "django_session"."expire_date" FROM "django_session" WHERE ("django_session"."expire_date" > '2019-05-31 13:56:13.248778' AND "django_session"."session_key" = 'wukidcv9x0iml5f5kb0twzmhy2qvfgj5'); args=('2019-05-31 13:56:13.248778', 'wukidcv9x0iml5f5kb0twzmhy2qvfgj5')
(0.000) SELECT "auth_user"."id", "auth_user"."password", "auth_user"."last_login", "auth_user"."is_superuser", "auth_user"."username", "auth_user"."first_name", "auth_user"."last_name", "auth_user"."email", "auth_user"."is_staff", "auth_user"."is_active", "auth_user"."date_joined" FROM "auth_user" WHERE "auth_user"."id" = 1; args=(1,)
(0.000) SELECT "django_session"."session_key", "django_session"."session_data", "django_session"."expire_date" FROM "django_session" WHERE "django_session"."session_key" = 'wukidcv9x0iml5f5kb0twzmhy2qvfgj5'; args=('wukidcv9x0iml5f5kb0twzmhy2qvfgj5',)
(0.016) DELETE FROM "django_session" WHERE "django_session"."session_key" IN ('wukidcv9x0iml5f5kb0twzmhy2qvfgj5'); args=('wukidcv9x0iml5f5kb0twzmhy2qvfgj5',)
"GET /wiki/accounts/logout/ HTTP/1.1" 302 0
"GET /wiki/accounts/login/ HTTP/1.1" 200 3380
"GET /wiki/accounts/login/ HTTP/1.1" 200 3380
"GET /wiki/accounts/login/ HTTP/1.1" 200 3380
"GET /wiki/accounts/login/ HTTP/1.1" 200 3380
"GET /wiki/accounts/login/ HTTP/1.1" 200 3380
"GET /wiki/accounts/login/ HTTP/1.1" 200 3380
"GET /wiki/accounts/login/ HTTP/1.1" 200 3380
"GET /wiki/accounts/login/ HTTP/1.1" 200 3380
"GET /wiki/accounts/login/ HTTP/1.1" 200 3380
"GET /wiki/accounts/login/ HTTP/1.1" 200 3380
"GET /wiki/accounts/login/ HTTP/1.1" 200 3380
"GET /wiki/accounts/login/ HTTP/1.1" 200 3356
"GET /wiki/accounts/login/ HTTP/1.1" 200 3356
"GET /wiki/accounts/login/ HTTP/1.1" 200 3356
"GET /wiki/accounts/login/ HTTP/1.1" 200 3356
"GET /wiki/accounts/login/ HTTP/1.1" 200 3356
"GET /wiki/accounts/login/ HTTP/1.1" 200 3356
"GET /wiki/accounts/login/ HTTP/1.1" 200 3356
"GET /wiki/accounts/login/ HTTP/1.1" 200 3356
"GET /wiki/accounts/login/ HTTP/1.1" 200 3356
"GET /wiki/accounts/login/ HTTP/1.1" 200 3356
"GET /wiki/accounts/login/ HTTP/1.1" 200 3356
"GET /wiki/accounts/login/ HTTP/1.1" 200 3356
"GET /wiki/accounts/login/ HTTP/1.1" 200 3356
"GET /wiki/accounts/login/ HTTP/1.1" 200 3356
"GET /wiki/accounts/login/ HTTP/1.1" 200 3356
"GET /wiki/accounts/login/ HTTP/1.1" 200 3356
"GET /wiki/accounts/login/ HTTP/1.1" 200 3356
"GET /wiki/accounts/login/ HTTP/1.1" 200 3356
"GET /wiki/accounts/login/ HTTP/1.1" 200 3356
"GET /wiki/accounts/login/ HTTP/1.1" 200 3356
"GET /wiki/accounts/login/ HTTP/1.1" 200 3356
"GET /wiki/accounts/login/ HTTP/1.1" 200 3356
"GET /wiki/accounts/login/ HTTP/1.1" 200 3356
"GET /wiki/accounts/login/ HTTP/1.1" 200 3356
"GET /wiki/accounts/login/ HTTP/1.1" 200 3356
"GET /wiki/accounts/login/ HTTP/1.1" 200 3356
"GET /wiki/accounts/login/ HTTP/1.1" 200 3356
"GET /wiki/accounts/login/ HTTP/1.1" 200 3356
Exception while resolving variable 'name' in template 'unknown'.
Traceback (most recent call last):
  File "C:\Program Files (x86)\Python36-32\lib\site-packages\django\core\handlers\exception.py", line 34, in inner
    response = get_response(request)
  File "C:\Program Files (x86)\Python36-32\lib\site-packages\django\core\handlers\base.py", line 100, in _get_response
    resolver_match = resolver.resolve(request.path_info)
  File "C:\Program Files (x86)\Python36-32\lib\site-packages\django\urls\resolvers.py", line 558, in resolve
    raise Resolver404({'tried': tried, 'path': new_path})
django.urls.exceptions.Resolver404: {'tried': [[<URLResolver <module 'polls.urls' from 'D:\\Level 3 - 2017 - 2019\\Year 2\\Visual Studio Code\\Django\\mysite\\polls\\urls.py'> (polls:polls) 'polls/'>], [<URLResolver <URLPattern list> (admin:admin) 'admin/'>], [<URLResolver <module 'wiki.urls' from 'D:\\Level 3 - 2017 - 2019\\Year 2\\Visual Studio Code\\Django\\mysite\\wiki\\urls.py'> (wiki:wiki) 'wiki/'>], [<URLPattern '^media\/(?P<path>.*)$'>]], 'path': ''}

During handling of the above exception, another exception occurred:

Traceback (most recent call last):
  File "C:\Program Files (x86)\Python36-32\lib\site-packages\django\template\base.py", line 829, in _resolve_lookup
    current = current[bit]
TypeError: 'URLResolver' object is not subscriptable

During handling of the above exception, another exception occurred:

Traceback (most recent call last):
  File "C:\Program Files (x86)\Python36-32\lib\site-packages\django\template\base.py", line 837, in _resolve_lookup
    current = getattr(current, bit)
AttributeError: 'URLResolver' object has no attribute 'name'

During handling of the above exception, another exception occurred:

Traceback (most recent call last):
  File "C:\Program Files (x86)\Python36-32\lib\site-packages\django\template\base.py", line 843, in _resolve_lookup
    current = current[int(bit)]
ValueError: invalid literal for int() with base 10: 'name'

During handling of the above exception, another exception occurred:

Traceback (most recent call last):
  File "C:\Program Files (x86)\Python36-32\lib\site-packages\django\template\base.py", line 850, in _resolve_lookup
    (bit, current))  # missing attribute
django.template.base.VariableDoesNotExist: Failed lookup for key [name] in <URLResolver <module 'polls.urls' from 'D:\\Level 3 - 2017 - 2019\\Year 2\\Visual Studio Code\\Django\\mysite\\polls\\urls.py'> (polls:polls) 'polls/'>
Exception while resolving variable 'name' in template 'unknown'.
Traceback (most recent call last):
  File "C:\Program Files (x86)\Python36-32\lib\site-packages\django\core\handlers\exception.py", line 34, in inner
    response = get_response(request)
  File "C:\Program Files (x86)\Python36-32\lib\site-packages\django\core\handlers\base.py", line 100, in _get_response
    resolver_match = resolver.resolve(request.path_info)
  File "C:\Program Files (x86)\Python36-32\lib\site-packages\django\urls\resolvers.py", line 558, in resolve
    raise Resolver404({'tried': tried, 'path': new_path})
django.urls.exceptions.Resolver404: {'tried': [[<URLResolver <module 'polls.urls' from 'D:\\Level 3 - 2017 - 2019\\Year 2\\Visual Studio Code\\Django\\mysite\\polls\\urls.py'> (polls:polls) 'polls/'>], [<URLResolver <URLPattern list> (admin:admin) 'admin/'>], [<URLResolver <module 'wiki.urls' from 'D:\\Level 3 - 2017 - 2019\\Year 2\\Visual Studio Code\\Django\\mysite\\wiki\\urls.py'> (wiki:wiki) 'wiki/'>], [<URLPattern '^media\/(?P<path>.*)$'>]], 'path': ''}

During handling of the above exception, another exception occurred:

Traceback (most recent call last):
  File "C:\Program Files (x86)\Python36-32\lib\site-packages\django\template\base.py", line 829, in _resolve_lookup
    current = current[bit]
TypeError: 'URLResolver' object is not subscriptable

During handling of the above exception, another exception occurred:

Traceback (most recent call last):
  File "C:\Program Files (x86)\Python36-32\lib\site-packages\django\template\base.py", line 837, in _resolve_lookup
    current = getattr(current, bit)
AttributeError: 'URLResolver' object has no attribute 'name'

During handling of the above exception, another exception occurred:

Traceback (most recent call last):
  File "C:\Program Files (x86)\Python36-32\lib\site-packages\django\template\base.py", line 843, in _resolve_lookup
    current = current[int(bit)]
ValueError: invalid literal for int() with base 10: 'name'

During handling of the above exception, another exception occurred:

Traceback (most recent call last):
  File "C:\Program Files (x86)\Python36-32\lib\site-packages\django\template\base.py", line 850, in _resolve_lookup
    (bit, current))  # missing attribute
django.template.base.VariableDoesNotExist: Failed lookup for key [name] in <URLResolver <URLPattern list> (admin:admin) 'admin/'>
Exception while resolving variable 'name' in template 'unknown'.
Traceback (most recent call last):
  File "C:\Program Files (x86)\Python36-32\lib\site-packages\django\core\handlers\exception.py", line 34, in inner
    response = get_response(request)
  File "C:\Program Files (x86)\Python36-32\lib\site-packages\django\core\handlers\base.py", line 100, in _get_response
    resolver_match = resolver.resolve(request.path_info)
  File "C:\Program Files (x86)\Python36-32\lib\site-packages\django\urls\resolvers.py", line 558, in resolve
    raise Resolver404({'tried': tried, 'path': new_path})
django.urls.exceptions.Resolver404: {'tried': [[<URLResolver <module 'polls.urls' from 'D:\\Level 3 - 2017 - 2019\\Year 2\\Visual Studio Code\\Django\\mysite\\polls\\urls.py'> (polls:polls) 'polls/'>], [<URLResolver <URLPattern list> (admin:admin) 'admin/'>], [<URLResolver <module 'wiki.urls' from 'D:\\Level 3 - 2017 - 2019\\Year 2\\Visual Studio Code\\Django\\mysite\\wiki\\urls.py'> (wiki:wiki) 'wiki/'>], [<URLPattern '^media\/(?P<path>.*)$'>]], 'path': ''}

During handling of the above exception, another exception occurred:

Traceback (most recent call last):
  File "C:\Program Files (x86)\Python36-32\lib\site-packages\django\template\base.py", line 829, in _resolve_lookup
    current = current[bit]
TypeError: 'URLResolver' object is not subscriptable

During handling of the above exception, another exception occurred:

Traceback (most recent call last):
  File "C:\Program Files (x86)\Python36-32\lib\site-packages\django\template\base.py", line 837, in _resolve_lookup
    current = getattr(current, bit)
AttributeError: 'URLResolver' object has no attribute 'name'

During handling of the above exception, another exception occurred:

Traceback (most recent call last):
  File "C:\Program Files (x86)\Python36-32\lib\site-packages\django\template\base.py", line 843, in _resolve_lookup
    current = current[int(bit)]
ValueError: invalid literal for int() with base 10: 'name'

During handling of the above exception, another exception occurred:

Traceback (most recent call last):
  File "C:\Program Files (x86)\Python36-32\lib\site-packages\django\template\base.py", line 850, in _resolve_lookup
    (bit, current))  # missing attribute
django.template.base.VariableDoesNotExist: Failed lookup for key [name] in <URLResolver <module 'wiki.urls' from 'D:\\Level 3 - 2017 - 2019\\Year 2\\Visual Studio Code\\Django\\mysite\\wiki\\urls.py'> (wiki:wiki) 'wiki/'>
Not Found: /
"GET / HTTP/1.1" 404 2259
(0.000) SELECT "wiki_page"."title", "wiki_page"."content", "wiki_page"."counter" FROM "wiki_page"; args=()
"GET /wiki/ HTTP/1.1" 200 3596
"GET /wiki/accounts/login/ HTTP/1.1" 200 3351
(0.000) SELECT "wiki_page"."title", "wiki_page"."content", "wiki_page"."counter" FROM "wiki_page"; args=()
"GET /wiki/ HTTP/1.1" 200 3601
Exception while resolving variable 'name' in template 'unknown'.
Traceback (most recent call last):
  File "C:\Program Files (x86)\Python36-32\lib\site-packages\django\core\handlers\exception.py", line 34, in inner
    response = get_response(request)
  File "C:\Program Files (x86)\Python36-32\lib\site-packages\django\core\handlers\base.py", line 100, in _get_response
    resolver_match = resolver.resolve(request.path_info)
  File "C:\Program Files (x86)\Python36-32\lib\site-packages\django\urls\resolvers.py", line 558, in resolve
    raise Resolver404({'tried': tried, 'path': new_path})
django.urls.exceptions.Resolver404: {'tried': [[<URLResolver <module 'polls.urls' from 'D:\\Level 3 - 2017 - 2019\\Year 2\\Visual Studio Code\\Django\\mysite\\polls\\urls.py'> (polls:polls) 'polls/'>], [<URLResolver <URLPattern list> (admin:admin) 'admin/'>], [<URLResolver <module 'wiki.urls' from 'D:\\Level 3 - 2017 - 2019\\Year 2\\Visual Studio Code\\Django\\mysite\\wiki\\urls.py'> (wiki:wiki) 'wiki/'>], [<URLPattern '^media\/(?P<path>.*)$'>]], 'path': ''}

During handling of the above exception, another exception occurred:

Traceback (most recent call last):
  File "C:\Program Files (x86)\Python36-32\lib\site-packages\django\template\base.py", line 829, in _resolve_lookup
    current = current[bit]
TypeError: 'URLResolver' object is not subscriptable

During handling of the above exception, another exception occurred:

Traceback (most recent call last):
  File "C:\Program Files (x86)\Python36-32\lib\site-packages\django\template\base.py", line 837, in _resolve_lookup
    current = getattr(current, bit)
AttributeError: 'URLResolver' object has no attribute 'name'

During handling of the above exception, another exception occurred:

Traceback (most recent call last):
  File "C:\Program Files (x86)\Python36-32\lib\site-packages\django\template\base.py", line 843, in _resolve_lookup
    current = current[int(bit)]
ValueError: invalid literal for int() with base 10: 'name'

During handling of the above exception, another exception occurred:

Traceback (most recent call last):
  File "C:\Program Files (x86)\Python36-32\lib\site-packages\django\template\base.py", line 850, in _resolve_lookup
    (bit, current))  # missing attribute
django.template.base.VariableDoesNotExist: Failed lookup for key [name] in <URLResolver <module 'polls.urls' from 'D:\\Level 3 - 2017 - 2019\\Year 2\\Visual Studio Code\\Django\\mysite\\polls\\urls.py'> (polls:polls) 'polls/'>
Exception while resolving variable 'name' in template 'unknown'.
Traceback (most recent call last):
  File "C:\Program Files (x86)\Python36-32\lib\site-packages\django\core\handlers\exception.py", line 34, in inner
    response = get_response(request)
  File "C:\Program Files (x86)\Python36-32\lib\site-packages\django\core\handlers\base.py", line 100, in _get_response
    resolver_match = resolver.resolve(request.path_info)
  File "C:\Program Files (x86)\Python36-32\lib\site-packages\django\urls\resolvers.py", line 558, in resolve
    raise Resolver404({'tried': tried, 'path': new_path})
django.urls.exceptions.Resolver404: {'tried': [[<URLResolver <module 'polls.urls' from 'D:\\Level 3 - 2017 - 2019\\Year 2\\Visual Studio Code\\Django\\mysite\\polls\\urls.py'> (polls:polls) 'polls/'>], [<URLResolver <URLPattern list> (admin:admin) 'admin/'>], [<URLResolver <module 'wiki.urls' from 'D:\\Level 3 - 2017 - 2019\\Year 2\\Visual Studio Code\\Django\\mysite\\wiki\\urls.py'> (wiki:wiki) 'wiki/'>], [<URLPattern '^media\/(?P<path>.*)$'>]], 'path': ''}

During handling of the above exception, another exception occurred:

Traceback (most recent call last):
  File "C:\Program Files (x86)\Python36-32\lib\site-packages\django\template\base.py", line 829, in _resolve_lookup
    current = current[bit]
TypeError: 'URLResolver' object is not subscriptable

During handling of the above exception, another exception occurred:

Traceback (most recent call last):
  File "C:\Program Files (x86)\Python36-32\lib\site-packages\django\template\base.py", line 837, in _resolve_lookup
    current = getattr(current, bit)
AttributeError: 'URLResolver' object has no attribute 'name'

During handling of the above exception, another exception occurred:

Traceback (most recent call last):
  File "C:\Program Files (x86)\Python36-32\lib\site-packages\django\template\base.py", line 843, in _resolve_lookup
    current = current[int(bit)]
ValueError: invalid literal for int() with base 10: 'name'

During handling of the above exception, another exception occurred:

Traceback (most recent call last):
  File "C:\Program Files (x86)\Python36-32\lib\site-packages\django\template\base.py", line 850, in _resolve_lookup
    (bit, current))  # missing attribute
django.template.base.VariableDoesNotExist: Failed lookup for key [name] in <URLResolver <URLPattern list> (admin:admin) 'admin/'>
Exception while resolving variable 'name' in template 'unknown'.
Traceback (most recent call last):
  File "C:\Program Files (x86)\Python36-32\lib\site-packages\django\core\handlers\exception.py", line 34, in inner
    response = get_response(request)
  File "C:\Program Files (x86)\Python36-32\lib\site-packages\django\core\handlers\base.py", line 100, in _get_response
    resolver_match = resolver.resolve(request.path_info)
  File "C:\Program Files (x86)\Python36-32\lib\site-packages\django\urls\resolvers.py", line 558, in resolve
    raise Resolver404({'tried': tried, 'path': new_path})
django.urls.exceptions.Resolver404: {'tried': [[<URLResolver <module 'polls.urls' from 'D:\\Level 3 - 2017 - 2019\\Year 2\\Visual Studio Code\\Django\\mysite\\polls\\urls.py'> (polls:polls) 'polls/'>], [<URLResolver <URLPattern list> (admin:admin) 'admin/'>], [<URLResolver <module 'wiki.urls' from 'D:\\Level 3 - 2017 - 2019\\Year 2\\Visual Studio Code\\Django\\mysite\\wiki\\urls.py'> (wiki:wiki) 'wiki/'>], [<URLPattern '^media\/(?P<path>.*)$'>]], 'path': ''}

During handling of the above exception, another exception occurred:

Traceback (most recent call last):
  File "C:\Program Files (x86)\Python36-32\lib\site-packages\django\template\base.py", line 829, in _resolve_lookup
    current = current[bit]
TypeError: 'URLResolver' object is not subscriptable

During handling of the above exception, another exception occurred:

Traceback (most recent call last):
  File "C:\Program Files (x86)\Python36-32\lib\site-packages\django\template\base.py", line 837, in _resolve_lookup
    current = getattr(current, bit)
AttributeError: 'URLResolver' object has no attribute 'name'

During handling of the above exception, another exception occurred:

Traceback (most recent call last):
  File "C:\Program Files (x86)\Python36-32\lib\site-packages\django\template\base.py", line 843, in _resolve_lookup
    current = current[int(bit)]
ValueError: invalid literal for int() with base 10: 'name'

During handling of the above exception, another exception occurred:

Traceback (most recent call last):
  File "C:\Program Files (x86)\Python36-32\lib\site-packages\django\template\base.py", line 850, in _resolve_lookup
    (bit, current))  # missing attribute
django.template.base.VariableDoesNotExist: Failed lookup for key [name] in <URLResolver <module 'wiki.urls' from 'D:\\Level 3 - 2017 - 2019\\Year 2\\Visual Studio Code\\Django\\mysite\\wiki\\urls.py'> (wiki:wiki) 'wiki/'>
Not Found: /
"GET / HTTP/1.1" 404 2259
(0.000) SELECT "wiki_page"."title", "wiki_page"."content", "wiki_page"."counter" FROM "wiki_page"; args=()
"GET /wiki/ HTTP/1.1" 200 3601
(0.001) SELECT "wiki_page"."title", "wiki_page"."content", "wiki_page"."counter" FROM "wiki_page"; args=()
"GET /wiki/ HTTP/1.1" 200 3652
(0.000) SELECT "wiki_page"."title", "wiki_page"."content", "wiki_page"."counter" FROM "wiki_page"; args=()
"GET /wiki/ HTTP/1.1" 200 3652
(0.000) SELECT "wiki_page"."title", "wiki_page"."content", "wiki_page"."counter" FROM "wiki_page"; args=()
"GET /wiki/ HTTP/1.1" 200 3652
(0.000) SELECT "wiki_page"."title", "wiki_page"."content", "wiki_page"."counter" FROM "wiki_page"; args=()
"GET /wiki/ HTTP/1.1" 200 3652
(0.001) SELECT "wiki_page"."title", "wiki_page"."content", "wiki_page"."counter" FROM "wiki_page"; args=()
"GET /wiki/ HTTP/1.1" 200 3652
(0.001) SELECT "wiki_page"."title", "wiki_page"."content", "wiki_page"."counter" FROM "wiki_page"; args=()
"GET /wiki/ HTTP/1.1" 200 3652
Exception while resolving variable 'name' in template 'unknown'.
Traceback (most recent call last):
  File "C:\Program Files (x86)\Python36-32\lib\site-packages\django\core\handlers\exception.py", line 34, in inner
    response = get_response(request)
  File "C:\Program Files (x86)\Python36-32\lib\site-packages\django\core\handlers\base.py", line 100, in _get_response
    resolver_match = resolver.resolve(request.path_info)
  File "C:\Program Files (x86)\Python36-32\lib\site-packages\django\urls\resolvers.py", line 558, in resolve
    raise Resolver404({'tried': tried, 'path': new_path})
django.urls.exceptions.Resolver404: {'tried': [[<URLResolver <module 'polls.urls' from 'D:\\Level 3 - 2017 - 2019\\Year 2\\Visual Studio Code\\Django\\mysite\\polls\\urls.py'> (polls:polls) 'polls/'>], [<URLResolver <URLPattern list> (admin:admin) 'admin/'>], [<URLResolver <module 'wiki.urls' from 'D:\\Level 3 - 2017 - 2019\\Year 2\\Visual Studio Code\\Django\\mysite\\wiki\\urls.py'> (wiki:wiki) 'wiki/'>], [<URLPattern '^media\/(?P<path>.*)$'>]], 'path': ''}

During handling of the above exception, another exception occurred:

Traceback (most recent call last):
  File "C:\Program Files (x86)\Python36-32\lib\site-packages\django\template\base.py", line 829, in _resolve_lookup
    current = current[bit]
TypeError: 'URLResolver' object is not subscriptable

During handling of the above exception, another exception occurred:

Traceback (most recent call last):
  File "C:\Program Files (x86)\Python36-32\lib\site-packages\django\template\base.py", line 837, in _resolve_lookup
    current = getattr(current, bit)
AttributeError: 'URLResolver' object has no attribute 'name'

During handling of the above exception, another exception occurred:

Traceback (most recent call last):
  File "C:\Program Files (x86)\Python36-32\lib\site-packages\django\template\base.py", line 843, in _resolve_lookup
    current = current[int(bit)]
ValueError: invalid literal for int() with base 10: 'name'

During handling of the above exception, another exception occurred:

Traceback (most recent call last):
  File "C:\Program Files (x86)\Python36-32\lib\site-packages\django\template\base.py", line 850, in _resolve_lookup
    (bit, current))  # missing attribute
django.template.base.VariableDoesNotExist: Failed lookup for key [name] in <URLResolver <module 'polls.urls' from 'D:\\Level 3 - 2017 - 2019\\Year 2\\Visual Studio Code\\Django\\mysite\\polls\\urls.py'> (polls:polls) 'polls/'>
Exception while resolving variable 'name' in template 'unknown'.
Traceback (most recent call last):
  File "C:\Program Files (x86)\Python36-32\lib\site-packages\django\core\handlers\exception.py", line 34, in inner
    response = get_response(request)
  File "C:\Program Files (x86)\Python36-32\lib\site-packages\django\core\handlers\base.py", line 100, in _get_response
    resolver_match = resolver.resolve(request.path_info)
  File "C:\Program Files (x86)\Python36-32\lib\site-packages\django\urls\resolvers.py", line 558, in resolve
    raise Resolver404({'tried': tried, 'path': new_path})
django.urls.exceptions.Resolver404: {'tried': [[<URLResolver <module 'polls.urls' from 'D:\\Level 3 - 2017 - 2019\\Year 2\\Visual Studio Code\\Django\\mysite\\polls\\urls.py'> (polls:polls) 'polls/'>], [<URLResolver <URLPattern list> (admin:admin) 'admin/'>], [<URLResolver <module 'wiki.urls' from 'D:\\Level 3 - 2017 - 2019\\Year 2\\Visual Studio Code\\Django\\mysite\\wiki\\urls.py'> (wiki:wiki) 'wiki/'>], [<URLPattern '^media\/(?P<path>.*)$'>]], 'path': ''}

During handling of the above exception, another exception occurred:

Traceback (most recent call last):
  File "C:\Program Files (x86)\Python36-32\lib\site-packages\django\template\base.py", line 829, in _resolve_lookup
    current = current[bit]
TypeError: 'URLResolver' object is not subscriptable

During handling of the above exception, another exception occurred:

Traceback (most recent call last):
  File "C:\Program Files (x86)\Python36-32\lib\site-packages\django\template\base.py", line 837, in _resolve_lookup
    current = getattr(current, bit)
AttributeError: 'URLResolver' object has no attribute 'name'

During handling of the above exception, another exception occurred:

Traceback (most recent call last):
  File "C:\Program Files (x86)\Python36-32\lib\site-packages\django\template\base.py", line 843, in _resolve_lookup
    current = current[int(bit)]
ValueError: invalid literal for int() with base 10: 'name'

During handling of the above exception, another exception occurred:

Traceback (most recent call last):
  File "C:\Program Files (x86)\Python36-32\lib\site-packages\django\template\base.py", line 850, in _resolve_lookup
    (bit, current))  # missing attribute
django.template.base.VariableDoesNotExist: Failed lookup for key [name] in <URLResolver <URLPattern list> (admin:admin) 'admin/'>
Exception while resolving variable 'name' in template 'unknown'.
Traceback (most recent call last):
  File "C:\Program Files (x86)\Python36-32\lib\site-packages\django\core\handlers\exception.py", line 34, in inner
    response = get_response(request)
  File "C:\Program Files (x86)\Python36-32\lib\site-packages\django\core\handlers\base.py", line 100, in _get_response
    resolver_match = resolver.resolve(request.path_info)
  File "C:\Program Files (x86)\Python36-32\lib\site-packages\django\urls\resolvers.py", line 558, in resolve
    raise Resolver404({'tried': tried, 'path': new_path})
django.urls.exceptions.Resolver404: {'tried': [[<URLResolver <module 'polls.urls' from 'D:\\Level 3 - 2017 - 2019\\Year 2\\Visual Studio Code\\Django\\mysite\\polls\\urls.py'> (polls:polls) 'polls/'>], [<URLResolver <URLPattern list> (admin:admin) 'admin/'>], [<URLResolver <module 'wiki.urls' from 'D:\\Level 3 - 2017 - 2019\\Year 2\\Visual Studio Code\\Django\\mysite\\wiki\\urls.py'> (wiki:wiki) 'wiki/'>], [<URLPattern '^media\/(?P<path>.*)$'>]], 'path': ''}

During handling of the above exception, another exception occurred:

Traceback (most recent call last):
  File "C:\Program Files (x86)\Python36-32\lib\site-packages\django\template\base.py", line 829, in _resolve_lookup
    current = current[bit]
TypeError: 'URLResolver' object is not subscriptable

During handling of the above exception, another exception occurred:

Traceback (most recent call last):
  File "C:\Program Files (x86)\Python36-32\lib\site-packages\django\template\base.py", line 837, in _resolve_lookup
    current = getattr(current, bit)
AttributeError: 'URLResolver' object has no attribute 'name'

During handling of the above exception, another exception occurred:

Traceback (most recent call last):
  File "C:\Program Files (x86)\Python36-32\lib\site-packages\django\template\base.py", line 843, in _resolve_lookup
    current = current[int(bit)]
ValueError: invalid literal for int() with base 10: 'name'

During handling of the above exception, another exception occurred:

Traceback (most recent call last):
  File "C:\Program Files (x86)\Python36-32\lib\site-packages\django\template\base.py", line 850, in _resolve_lookup
    (bit, current))  # missing attribute
django.template.base.VariableDoesNotExist: Failed lookup for key [name] in <URLResolver <module 'wiki.urls' from 'D:\\Level 3 - 2017 - 2019\\Year 2\\Visual Studio Code\\Django\\mysite\\wiki\\urls.py'> (wiki:wiki) 'wiki/'>
Not Found: /
"GET / HTTP/1.1" 404 2259
(0.000) SELECT "wiki_page"."title", "wiki_page"."content", "wiki_page"."counter" FROM "wiki_page"; args=()
"GET /wiki/ HTTP/1.1" 200 3652
(0.001) SELECT "wiki_page"."title", "wiki_page"."content", "wiki_page"."counter" FROM "wiki_page"; args=()
"GET /wiki/ HTTP/1.1" 200 3652
(0.001) SELECT "wiki_page"."title", "wiki_page"."content", "wiki_page"."counter" FROM "wiki_page"; args=()
"GET /wiki/ HTTP/1.1" 200 3678
(0.001) SELECT "wiki_page"."title", "wiki_page"."content", "wiki_page"."counter" FROM "wiki_page"; args=()
"GET /wiki/ HTTP/1.1" 200 3677
(0.001) SELECT "wiki_page"."title", "wiki_page"."content", "wiki_page"."counter" FROM "wiki_page"; args=()
"GET /wiki/ HTTP/1.1" 200 3677
(0.001) SELECT "wiki_page"."title", "wiki_page"."content", "wiki_page"."counter" FROM "wiki_page"; args=()
"GET /wiki/ HTTP/1.1" 200 3663
(0.001) SELECT "wiki_page"."title", "wiki_page"."content", "wiki_page"."counter" FROM "wiki_page"; args=()
"GET /wiki/ HTTP/1.1" 200 3638
(0.001) SELECT "wiki_page"."title", "wiki_page"."content", "wiki_page"."counter" FROM "wiki_page"; args=()
"GET /wiki/ HTTP/1.1" 200 3665
(0.001) SELECT "wiki_page"."title", "wiki_page"."content", "wiki_page"."counter" FROM "wiki_page"; args=()
"GET /wiki/ HTTP/1.1" 200 3665
(0.001) SELECT "wiki_page"."title", "wiki_page"."content", "wiki_page"."counter" FROM "wiki_page"; args=()
"GET /wiki/ HTTP/1.1" 200 3664
(0.000) SELECT "wiki_page"."title", "wiki_page"."content", "wiki_page"."counter" FROM "wiki_page"; args=()
"GET /wiki/ HTTP/1.1" 200 3689
(0.001) SELECT "wiki_page"."title", "wiki_page"."content", "wiki_page"."counter" FROM "wiki_page"; args=()
"GET /wiki/ HTTP/1.1" 200 3689
"GET /static/wiki/wikistyle.css HTTP/1.1" 200 1443
(0.001) SELECT "wiki_page"."title", "wiki_page"."content", "wiki_page"."counter" FROM "wiki_page"; args=()
"GET /wiki/ HTTP/1.1" 200 3689
(0.000) SELECT "wiki_page"."title", "wiki_page"."content", "wiki_page"."counter" FROM "wiki_page"; args=()
"GET /wiki/ HTTP/1.1" 200 3663
"GET /wiki/accounts/login/ HTTP/1.1" 200 3418
(0.001) SELECT "wiki_page"."title", "wiki_page"."content", "wiki_page"."counter" FROM "wiki_page"; args=()
"GET /wiki/ HTTP/1.1" 200 3666
"GET /static/wiki/wikistyle.css HTTP/1.1" 304 0
(0.001) SELECT "wiki_page"."title", "wiki_page"."content", "wiki_page"."counter" FROM "wiki_page"; args=()
"GET /wiki/ HTTP/1.1" 200 3699
"GET /static/wiki/wikistyle.css HTTP/1.1" 304 0
(0.001) SELECT "wiki_page"."title", "wiki_page"."content", "wiki_page"."counter" FROM "wiki_page"; args=()
"GET /wiki/ HTTP/1.1" 200 3699
(0.000) SELECT "wiki_page"."title", "wiki_page"."content", "wiki_page"."counter" FROM "wiki_page"; args=()
"GET /wiki/ HTTP/1.1" 200 3699
(0.001) SELECT "wiki_page"."title", "wiki_page"."content", "wiki_page"."counter" FROM "wiki_page"; args=()
"GET /wiki/ HTTP/1.1" 200 3703
(0.000) SELECT "wiki_page"."title", "wiki_page"."content", "wiki_page"."counter" FROM "wiki_page"; args=()
"GET /wiki/ HTTP/1.1" 200 3703
(0.000) SELECT "wiki_page"."title", "wiki_page"."content", "wiki_page"."counter" FROM "wiki_page"; args=()
"GET /wiki/ HTTP/1.1" 200 3703
(0.001) SELECT "wiki_page"."title", "wiki_page"."content", "wiki_page"."counter" FROM "wiki_page"; args=()
"GET /wiki/ HTTP/1.1" 200 3703
(0.001) SELECT "wiki_page"."title", "wiki_page"."content", "wiki_page"."counter" FROM "wiki_page"; args=()
"GET /wiki/ HTTP/1.1" 200 3684
"GET /static/wiki/wikistyle.css HTTP/1.1" 304 0
(0.000) SELECT "wiki_page"."title", "wiki_page"."content", "wiki_page"."counter" FROM "wiki_page"; args=()
"GET /wiki/ HTTP/1.1" 200 3684
(0.001) SELECT "wiki_page"."title", "wiki_page"."content", "wiki_page"."counter" FROM "wiki_page"; args=()
"GET /wiki/ HTTP/1.1" 200 3685
(0.000) SELECT "wiki_page"."title", "wiki_page"."content", "wiki_page"."counter" FROM "wiki_page"; args=()
"GET /wiki/ HTTP/1.1" 200 3685
(0.001) SELECT "wiki_page"."title", "wiki_page"."content", "wiki_page"."counter" FROM "wiki_page"; args=()
"GET /wiki/ HTTP/1.1" 200 3688
(0.001) SELECT "wiki_page"."title", "wiki_page"."content", "wiki_page"."counter" FROM "wiki_page"; args=()
"GET /wiki/ HTTP/1.1" 200 3688
(0.000) SELECT "wiki_page"."title", "wiki_page"."content", "wiki_page"."counter" FROM "wiki_page"; args=()
"GET /wiki/ HTTP/1.1" 200 3693
(0.000) SELECT "wiki_page"."title", "wiki_page"."content", "wiki_page"."counter" FROM "wiki_page"; args=()
"GET /wiki/ HTTP/1.1" 200 3678
"GET /static/wiki/wikistyle.css HTTP/1.1" 304 0
(0.000) SELECT "wiki_page"."title", "wiki_page"."content", "wiki_page"."counter" FROM "wiki_page"; args=()
"GET /wiki/ HTTP/1.1" 200 3678
(0.000) SELECT "wiki_page"."title", "wiki_page"."content", "wiki_page"."counter" FROM "wiki_page"; args=()
"GET /wiki/ HTTP/1.1" 200 3678
(0.000) SELECT "wiki_page"."title", "wiki_page"."content", "wiki_page"."counter" FROM "wiki_page"; args=()
"GET /wiki/ HTTP/1.1" 200 3678
(0.000) SELECT "wiki_page"."title", "wiki_page"."content", "wiki_page"."counter" FROM "wiki_page"; args=()
"GET /wiki/ HTTP/1.1" 200 3678
(0.001) SELECT "wiki_page"."title", "wiki_page"."content", "wiki_page"."counter" FROM "wiki_page"; args=()
"GET /wiki/ HTTP/1.1" 200 3678
(0.001) SELECT "wiki_page"."title", "wiki_page"."content", "wiki_page"."counter" FROM "wiki_page"; args=()
"GET /wiki/ HTTP/1.1" 200 3691
(0.001) SELECT "wiki_page"."title", "wiki_page"."content", "wiki_page"."counter" FROM "wiki_page"; args=()
"GET /wiki/ HTTP/1.1" 200 3691
(0.000) SELECT "wiki_page"."title", "wiki_page"."content", "wiki_page"."counter" FROM "wiki_page"; args=()
"GET /wiki/ HTTP/1.1" 200 3691
(0.000) SELECT "wiki_page"."title", "wiki_page"."content", "wiki_page"."counter" FROM "wiki_page"; args=()
"GET /wiki/ HTTP/1.1" 200 3677
"GET /static/wiki/wikistyle.css HTTP/1.1" 304 0
(0.001) SELECT "wiki_page"."title", "wiki_page"."content", "wiki_page"."counter" FROM "wiki_page"; args=()
"GET /wiki/ HTTP/1.1" 200 3691
(0.001) SELECT "wiki_page"."title", "wiki_page"."content", "wiki_page"."counter" FROM "wiki_page"; args=()
"GET /wiki/ HTTP/1.1" 200 3682
"GET /static/wiki/wikistyle.css HTTP/1.1" 304 0
(0.000) SELECT "wiki_page"."title", "wiki_page"."content", "wiki_page"."counter" FROM "wiki_page"; args=()
"GET /wiki/ HTTP/1.1" 200 3682
(0.001) SELECT "wiki_page"."title", "wiki_page"."content", "wiki_page"."counter" FROM "wiki_page"; args=()
"GET /wiki/ HTTP/1.1" 200 3727
"GET /static/wiki/wikistyle.css HTTP/1.1" 304 0
(0.000) SELECT "wiki_page"."title", "wiki_page"."content", "wiki_page"."counter" FROM "wiki_page"; args=()
"GET /wiki/ HTTP/1.1" 200 3726
(0.000) SELECT "wiki_page"."title", "wiki_page"."content", "wiki_page"."counter" FROM "wiki_page"; args=()
"GET /wiki/ HTTP/1.1" 200 3726
(0.000) SELECT "wiki_page"."title", "wiki_page"."content", "wiki_page"."counter" FROM "wiki_page"; args=()
"GET /wiki/ HTTP/1.1" 200 3726
(0.001) SELECT "wiki_page"."title", "wiki_page"."content", "wiki_page"."counter" FROM "wiki_page"; args=()
"GET /wiki/ HTTP/1.1" 200 3726
(0.000) SELECT "wiki_page"."title", "wiki_page"."content", "wiki_page"."counter" FROM "wiki_page"; args=()
"GET /wiki/ HTTP/1.1" 200 3726
"GET /static/wiki/wikistyle.css HTTP/1.1" 304 0
(0.000) SELECT "wiki_page"."title", "wiki_page"."content", "wiki_page"."counter" FROM "wiki_page"; args=()
"GET /wiki/ HTTP/1.1" 200 3728
(0.000) SELECT "wiki_page"."title", "wiki_page"."content", "wiki_page"."counter" FROM "wiki_page"; args=()
"GET /wiki/ HTTP/1.1" 200 3727
(0.001) SELECT "wiki_page"."title", "wiki_page"."content", "wiki_page"."counter" FROM "wiki_page"; args=()
"GET /wiki/ HTTP/1.1" 200 3727
(0.001) SELECT "wiki_page"."title", "wiki_page"."content", "wiki_page"."counter" FROM "wiki_page"; args=()
"GET /wiki/ HTTP/1.1" 200 3701
(0.000) SELECT "wiki_page"."title", "wiki_page"."content", "wiki_page"."counter" FROM "wiki_page"; args=()
"GET /wiki/ HTTP/1.1" 200 3702
(0.000) SELECT "wiki_page"."title", "wiki_page"."content", "wiki_page"."counter" FROM "wiki_page"; args=()
"GET /wiki/ HTTP/1.1" 200 3714
(0.000) SELECT "wiki_page"."title", "wiki_page"."content", "wiki_page"."counter" FROM "wiki_page"; args=()
"GET /wiki/ HTTP/1.1" 200 3726
"GET /static/wiki/wikistyle.css HTTP/1.1" 304 0
(0.000) SELECT "wiki_page"."title", "wiki_page"."content", "wiki_page"."counter" FROM "wiki_page"; args=()
"GET /wiki/ HTTP/1.1" 200 3726
(0.000) SELECT "wiki_page"."title", "wiki_page"."content", "wiki_page"."counter" FROM "wiki_page"; args=()
"GET /wiki/ HTTP/1.1" 200 3726
(0.001) SELECT "wiki_page"."title", "wiki_page"."content", "wiki_page"."counter" FROM "wiki_page"; args=()
"GET /wiki/ HTTP/1.1" 200 3722
(0.000) SELECT "wiki_page"."title", "wiki_page"."content", "wiki_page"."counter" FROM "wiki_page"; args=()
"GET /wiki/ HTTP/1.1" 200 3722
(0.001) SELECT "wiki_page"."title", "wiki_page"."content", "wiki_page"."counter" FROM "wiki_page"; args=()
"GET /wiki/ HTTP/1.1" 200 3722
(0.001) SELECT "wiki_page"."title", "wiki_page"."content", "wiki_page"."counter" FROM "wiki_page"; args=()
"GET /wiki/ HTTP/1.1" 200 3739
(0.001) SELECT "wiki_page"."title", "wiki_page"."content", "wiki_page"."counter" FROM "wiki_page"; args=()
"GET /wiki/ HTTP/1.1" 200 3748
"GET /static/wiki/wikistyle.css HTTP/1.1" 304 0
(0.001) SELECT "wiki_page"."title", "wiki_page"."content", "wiki_page"."counter" FROM "wiki_page"; args=()
"GET /wiki/ HTTP/1.1" 200 3748
(0.001) SELECT "wiki_page"."title", "wiki_page"."content", "wiki_page"."counter" FROM "wiki_page"; args=()
"GET /wiki/ HTTP/1.1" 200 3747
(0.001) SELECT "wiki_page"."title", "wiki_page"."content", "wiki_page"."counter" FROM "wiki_page"; args=()
"GET /wiki/ HTTP/1.1" 200 3758
(0.001) SELECT "wiki_page"."title", "wiki_page"."content", "wiki_page"."counter" FROM "wiki_page"; args=()
"GET /wiki/ HTTP/1.1" 200 3758
(0.001) SELECT "wiki_page"."title", "wiki_page"."content", "wiki_page"."counter" FROM "wiki_page"; args=()
"GET /wiki/ HTTP/1.1" 200 3730
"GET /static/wiki/wikistyle.css HTTP/1.1" 304 0
(0.000) SELECT "wiki_page"."title", "wiki_page"."content", "wiki_page"."counter" FROM "wiki_page"; args=()
"GET /wiki/ HTTP/1.1" 200 3747
(0.001) SELECT "wiki_page"."title", "wiki_page"."content", "wiki_page"."counter" FROM "wiki_page"; args=()
"GET /wiki/ HTTP/1.1" 200 3749
(0.000) SELECT "wiki_page"."title", "wiki_page"."content", "wiki_page"."counter" FROM "wiki_page"; args=()
"GET /wiki/ HTTP/1.1" 200 3756
(0.001) SELECT "wiki_page"."title", "wiki_page"."content", "wiki_page"."counter" FROM "wiki_page"; args=()
"GET /wiki/ HTTP/1.1" 200 3729
(0.001) SELECT "wiki_page"."title", "wiki_page"."content", "wiki_page"."counter" FROM "wiki_page"; args=()
"GET /wiki/ HTTP/1.1" 200 3755
"GET /static/wiki/wikistyle.css HTTP/1.1" 304 0
(0.000) SELECT "wiki_page"."title", "wiki_page"."content", "wiki_page"."counter" FROM "wiki_page"; args=()
"GET /wiki/ HTTP/1.1" 200 3763
(0.000) SELECT "wiki_page"."title", "wiki_page"."content", "wiki_page"."counter" FROM "wiki_page"; args=()
"GET /wiki/ HTTP/1.1" 200 3763
(0.001) SELECT "wiki_page"."title", "wiki_page"."content", "wiki_page"."counter" FROM "wiki_page"; args=()
"GET /wiki/ HTTP/1.1" 200 3785
(0.000) SELECT "wiki_page"."title", "wiki_page"."content", "wiki_page"."counter" FROM "wiki_page"; args=()
"GET /wiki/ HTTP/1.1" 200 3785
(0.001) SELECT "wiki_page"."title", "wiki_page"."content", "wiki_page"."counter" FROM "wiki_page"; args=()
"GET /wiki/ HTTP/1.1" 200 3785
(0.000) SELECT "wiki_page"."title", "wiki_page"."content", "wiki_page"."counter" FROM "wiki_page"; args=()
"GET /wiki/ HTTP/1.1" 200 3785
(0.001) SELECT "wiki_page"."title", "wiki_page"."content", "wiki_page"."counter" FROM "wiki_page"; args=()
"GET /wiki/ HTTP/1.1" 200 3811
(0.000) SELECT "wiki_page"."title", "wiki_page"."content", "wiki_page"."counter" FROM "wiki_page"; args=()
"GET /wiki/ HTTP/1.1" 200 3784
(0.000) SELECT "wiki_page"."title", "wiki_page"."content", "wiki_page"."counter" FROM "wiki_page"; args=()
"GET /wiki/ HTTP/1.1" 200 3785
"GET /static/wiki/wikistyle.css HTTP/1.1" 304 0
(0.000) SELECT "wiki_page"."title", "wiki_page"."content", "wiki_page"."counter" FROM "wiki_page"; args=()
"GET /wiki/ HTTP/1.1" 200 3780
(0.000) SELECT "wiki_page"."title", "wiki_page"."content", "wiki_page"."counter" FROM "wiki_page"; args=()
"GET /wiki/ HTTP/1.1" 200 3764
(0.000) SELECT "wiki_page"."title", "wiki_page"."content", "wiki_page"."counter" FROM "wiki_page"; args=()
"GET /wiki/ HTTP/1.1" 200 3764
(0.000) SELECT "wiki_page"."title", "wiki_page"."content", "wiki_page"."counter" FROM "wiki_page"; args=()
"GET /wiki/ HTTP/1.1" 200 3756
(0.000) SELECT "wiki_page"."title", "wiki_page"."content", "wiki_page"."counter" FROM "wiki_page"; args=()
"GET /wiki/ HTTP/1.1" 200 3756
(0.000) SELECT "wiki_page"."title", "wiki_page"."content", "wiki_page"."counter" FROM "wiki_page"; args=()
"GET /wiki/ HTTP/1.1" 200 3756
(0.000) SELECT "wiki_page"."title", "wiki_page"."content", "wiki_page"."counter" FROM "wiki_page"; args=()
"GET /wiki/ HTTP/1.1" 200 3749
(0.000) SELECT "wiki_page"."title", "wiki_page"."content", "wiki_page"."counter" FROM "wiki_page"; args=()
"GET /wiki/ HTTP/1.1" 200 3784
(0.001) SELECT "wiki_page"."title", "wiki_page"."content", "wiki_page"."counter" FROM "wiki_page"; args=()
"GET /wiki/ HTTP/1.1" 200 3786
(0.001) SELECT "wiki_page"."title", "wiki_page"."content", "wiki_page"."counter" FROM "wiki_page"; args=()
"GET /wiki/ HTTP/1.1" 200 3811
(0.001) SELECT "wiki_page"."title", "wiki_page"."content", "wiki_page"."counter" FROM "wiki_page"; args=()
"GET /wiki/ HTTP/1.1" 200 3759
(0.000) SELECT "wiki_page"."title", "wiki_page"."content", "wiki_page"."counter" FROM "wiki_page"; args=()
"GET /wiki/ HTTP/1.1" 200 3730
"GET /static/wiki/wikistyle.css HTTP/1.1" 304 0
